# JRE version: Java(TM) SE Runtime Environment (8.0_221-b11) (build 1.8.0_221-b11)
# Java VM: Java HotSpot(TM) 64-Bit Server VM (25.221-b11 mixed mode windows-amd64 compressed oops)
Heap:
 PSYoungGen      total 75776K, used 16496K [0x000000076b600000, 0x0000000770a80000, 0x00000007c0000000)
  eden space 65024K, 10% used [0x000000076b600000,0x000000076bce00c8,0x000000076f580000)
  from space 10752K, 87% used [0x000000076f580000,0x000000076febc050,0x0000000770000000)
  to   space 10752K, 0% used [0x0000000770000000,0x0000000770000000,0x0000000770a80000)
 ParOldGen       total 173568K, used 3241K [0x00000006c2200000, 0x00000006ccb80000, 0x000000076b600000)
  object space 173568K, 1% used [0x00000006c2200000,0x00000006c252a738,0x00000006ccb80000)
 Metaspace       used 18917K, capacity 19416K, committed 19712K, reserved 1067008K
  class space    used 2296K, capacity 2442K, committed 2560K, reserved 1048576K
GC Heap History (10 events):
Event: 1.693 GC heap before
{Heap before GC invocations=2 (full 0):
 PSYoungGen      total 75776K, used 10657K [0x000000076b600000, 0x0000000770a80000, 0x00000007c0000000)
  eden space 65024K, 4% used [0x000000076b600000,0x000000076b92c858,0x000000076f580000)
  from space 10752K, 68% used [0x000000076f580000,0x000000076fcbbe60,0x0000000770000000)
  to   space 10752K, 0% used [0x0000000770000000,0x0000000770000000,0x0000000770a80000)
 ParOldGen       total 173568K, used 16K [0x00000006c2200000, 0x00000006ccb80000, 0x000000076b600000)
  object space 173568K, 0% used [0x00000006c2200000,0x00000006c2204000,0x00000006ccb80000)
 Metaspace       used 11876K, capacity 12342K, committed 12672K, reserved 1060864K
  class space    used 1429K, capacity 1549K, committed 1664K, reserved 1048576K
Event: 1.696 GC heap after
Heap after GC invocations=2 (full 0):
 PSYoungGen      total 75776K, used 3348K [0x000000076b600000, 0x0000000770a80000, 0x00000007c0000000)
  eden space 65024K, 0% used [0x000000076b600000,0x000000076b600000,0x000000076f580000)
  from space 10752K, 31% used [0x0000000770000000,0x0000000770345350,0x0000000770a80000)
  to   space 10752K, 0% used [0x000000076f580000,0x000000076f580000,0x0000000770000000)
 ParOldGen       total 173568K, used 24K [0x00000006c2200000, 0x00000006ccb80000, 0x000000076b600000)
  object space 173568K, 0% used [0x00000006c2200000,0x00000006c2206000,0x00000006ccb80000)
 Metaspace       used 11876K, capacity 12342K, committed 12672K, reserved 1060864K
  class space    used 1429K, capacity 1549K, committed 1664K, reserved 1048576K
}
Event: 1.696 GC heap before
{Heap before GC invocations=3 (full 1):
 PSYoungGen      total 75776K, used 3348K [0x000000076b600000, 0x0000000770a80000, 0x00000007c0000000)
  eden space 65024K, 0% used [0x000000076b600000,0x000000076b600000,0x000000076f580000)
  from space 10752K, 31% used [0x0000000770000000,0x0000000770345350,0x0000000770a80000)
  to   space 10752K, 0% used [0x000000076f580000,0x000000076f580000,0x0000000770000000)
 ParOldGen       total 173568K, used 24K [0x00000006c2200000, 0x00000006ccb80000, 0x000000076b600000)
  object space 173568K, 0% used [0x00000006c2200000,0x00000006c2206000,0x00000006ccb80000)
 Metaspace       used 11876K, capacity 12342K, committed 12672K, reserved 1060864K
  class space    used 1429K, capacity 1549K, committed 1664K, reserved 1048576K
Event: 1.709 GC heap after
Heap after GC invocations=3 (full 1):
 PSYoungGen      total 75776K, used 0K [0x000000076b600000, 0x0000000770a80000, 0x00000007c0000000)
  eden space 65024K, 0% used [0x000000076b600000,0x000000076b600000,0x000000076f580000)
  from space 10752K, 0% used [0x0000000770000000,0x0000000770000000,0x0000000770a80000)
  to   space 10752K, 0% used [0x000000076f580000,0x000000076f580000,0x0000000770000000)
 ParOldGen       total 173568K, used 3217K [0x00000006c2200000, 0x00000006ccb80000, 0x000000076b600000)
  object space 173568K, 1% used [0x00000006c2200000,0x00000006c2524738,0x00000006ccb80000)
 Metaspace       used 11876K, capacity 12342K, committed 12672K, reserved 1060864K
  class space    used 1429K, capacity 1549K, committed 1664K, reserved 1048576K
}
Event: 2.671 GC heap before
{Heap before GC invocations=4 (full 1):
 PSYoungGen      total 75776K, used 65024K [0x000000076b600000, 0x0000000770a80000, 0x00000007c0000000)
  eden space 65024K, 100% used [0x000000076b600000,0x000000076f580000,0x000000076f580000)
  from space 10752K, 0% used [0x0000000770000000,0x0000000770000000,0x0000000770a80000)
  to   space 10752K, 0% used [0x000000076f580000,0x000000076f580000,0x0000000770000000)
 ParOldGen       total 173568K, used 3217K [0x00000006c2200000, 0x00000006ccb80000, 0x000000076b600000)
  object space 173568K, 1% used [0x00000006c2200000,0x00000006c2524738,0x00000006ccb80000)
 Metaspace       used 18399K, capacity 18888K, committed 19072K, reserved 1067008K
  class space    used 2236K, capacity 2376K, committed 2432K, reserved 1048576K
Event: 2.677 GC heap after
Heap after GC invocations=4 (full 1):
 PSYoungGen      total 75776K, used 9834K [0x000000076b600000, 0x0000000770a80000, 0x00000007c0000000)
  eden space 65024K, 0% used [0x000000076b600000,0x000000076b600000,0x000000076f580000)
  from space 10752K, 91% used [0x000000076f580000,0x000000076ff1a8f8,0x0000000770000000)
  to   space 10752K, 0% used [0x0000000770000000,0x0000000770000000,0x0000000770a80000)
 ParOldGen       total 173568K, used 3225K [0x00000006c2200000, 0x00000006ccb80000, 0x000000076b600000)
  object space 173568K, 1% used [0x00000006c2200000,0x00000006c2526738,0x00000006ccb80000)
 Metaspace       used 18399K, capacity 18888K, committed 19072K, reserved 1067008K
  class space    used 2236K, capacity 2376K, committed 2432K, reserved 1048576K
}
Event: 2.726 GC heap before
{Heap before GC invocations=5 (full 1):
 PSYoungGen      total 75776K, used 74858K [0x000000076b600000, 0x0000000770a80000, 0x00000007c0000000)
  eden space 65024K, 100% used [0x000000076b600000,0x000000076f580000,0x000000076f580000)
  from space 10752K, 91% used [0x000000076f580000,0x000000076ff1a8f8,0x0000000770000000)
  to   space 10752K, 0% used [0x0000000770000000,0x0000000770000000,0x0000000770a80000)
 ParOldGen       total 173568K, used 3225K [0x00000006c2200000, 0x00000006ccb80000, 0x000000076b600000)
  object space 173568K, 1% used [0x00000006c2200000,0x00000006c2526738,0x00000006ccb80000)
 Metaspace       used 18435K, capacity 18952K, committed 19072K, reserved 1067008K
  class space    used 2236K, capacity 2376K, committed 2432K, reserved 1048576K
Event: 2.734 GC heap after
Heap after GC invocations=5 (full 1):
 PSYoungGen      total 75776K, used 7600K [0x000000076b600000, 0x0000000770a80000, 0x00000007c0000000)
  eden space 65024K, 0% used [0x000000076b600000,0x000000076b600000,0x000000076f580000)
  from space 10752K, 70% used [0x0000000770000000,0x000000077076c010,0x0000000770a80000)
  to   space 10752K, 0% used [0x000000076f580000,0x000000076f580000,0x0000000770000000)
 ParOldGen       total 173568K, used 3233K [0x00000006c2200000, 0x00000006ccb80000, 0x000000076b600000)
  object space 173568K, 1% used [0x00000006c2200000,0x00000006c2528738,0x00000006ccb80000)
 Metaspace       used 18435K, capacity 18952K, committed 19072K, reserved 1067008K
  class space    used 2236K, capacity 2376K, committed 2432K, reserved 1048576K
}
Event: 3.075 GC heap before
{Heap before GC invocations=6 (full 1):
 PSYoungGen      total 75776K, used 72624K [0x000000076b600000, 0x0000000770a80000, 0x00000007c0000000)
  eden space 65024K, 100% used [0x000000076b600000,0x000000076f580000,0x000000076f580000)
  from space 10752K, 70% used [0x0000000770000000,0x000000077076c010,0x0000000770a80000)
  to   space 10752K, 0% used [0x000000076f580000,0x000000076f580000,0x0000000770000000)
 ParOldGen       total 173568K, used 3233K [0x00000006c2200000, 0x00000006ccb80000, 0x000000076b600000)
  object space 173568K, 1% used [0x00000006c2200000,0x00000006c2528738,0x00000006ccb80000)
 Metaspace       used 18903K, capacity 19416K, committed 19712K, reserved 1067008K
  class space    used 2296K, capacity 2442K, committed 2560K, reserved 1048576K
Event: 3.080 GC heap after
Heap after GC invocations=6 (full 1):
 PSYoungGen      total 75776K, used 9456K [0x000000076b600000, 0x0000000770a80000, 0x00000007c0000000)
  eden space 65024K, 0% used [0x000000076b600000,0x000000076b600000,0x000000076f580000)
  from space 10752K, 87% used [0x000000076f580000,0x000000076febc050,0x0000000770000000)
  to   space 10752K, 0% used [0x0000000770000000,0x0000000770000000,0x0000000770a80000)
 ParOldGen       total 173568K, used 3241K [0x00000006c2200000, 0x00000006ccb80000, 0x000000076b600000)
  object space 173568K, 1% used [0x00000006c2200000,0x00000006c252a738,0x00000006ccb80000)
 Metaspace       used 18903K, capacity 19416K, committed 19712K, reserved 1067008K
  class space    used 2296K, capacity 2442K, committed 2560K, reserved 1048576K
}

